2026-03-29T18:15:43.553812300 [INFO] Програма запущена.
2026-03-29T18:15:58.175707600 [ERROR] Помилка завантаження даних: data\students.csv (The system cannot find the path specified)
2026-03-29T18:16:02.322905100 [ERROR] Помилка навчання моделі: Спочатку завантажте дані.
2026-03-29T18:16:05.368212400 [ERROR] Помилка прогнозування: Спочатку потрібно навчити модель.
2026-03-29T18:16:08.209279800 [ERROR] Помилка завантаження даних: data\students.csv (The system cannot find the path specified)
2026-03-29T18:19:11.818612600 [INFO] Програма запущена.
2026-03-29T18:19:18.528535700 [INFO] Завантажено 15 записів із CSV.
2026-03-29T18:19:24.085544200 [INFO] Модель навчена. Точність: 100.0%
2026-03-29T18:19:26.201810500 [INFO] Виконано прогноз: НЕ СКЛАВ, ймовірність=0.06891503702653191%
2026-03-29T18:19:29.621323 [INFO] Звіт збережено у файл report.txt
2026-03-29T18:23:11.244014700 [INFO] Програма запущена.
2026-03-29T18:23:23.811974400 [INFO] Завантажено 23 записів із CSV.
2026-03-29T18:23:24.854198700 [INFO] Модель навчена. Точність: 82.6086956521739%
2026-03-29T18:23:26.016243800 [INFO] Виконано прогноз: НЕ СКЛАВ, ймовірність=44.590397643945074%
2026-03-29T18:23:27.052117300 [INFO] Звіт збережено у файл report.txt
2026-03-29T21:25:18.642072300 [INFO] Програма запущена.
2026-03-29T21:25:48.020094500 [INFO] Завантажено 23 записів із CSV.
2026-03-29T21:25:50.033112700 [INFO] Модель навчена. Точність: 82.6086956521739%
2026-03-29T21:25:51.021918600 [INFO] Виконано прогноз: НЕ СКЛАВ, ймовірність=41.164524887234464%
2026-03-29T21:25:52.047107600 [INFO] Звіт збережено у файл report.txt
2026-03-29T21:36:41.750270 [INFO] Програма запущена.
2026-03-29T21:37:10.034132800 [INFO] Завантажено 23 записів із CSV.
2026-03-29T21:37:11.154997800 [INFO] Модель навчена. Точність: 82.6086956521739%
2026-03-29T21:37:11.756252300 [INFO] Виконано прогноз: СКЛАВ, ймовірність=55.67451676442954%
2026-03-29T21:37:12.510762400 [INFO] Звіт збережено у файл report.txt
2026-03-31T21:55:07.690142600 [INFO] Програма запущена.
2026-03-31T21:55:29.442467200 [INFO] Завантажено 23 записів із CSV.
2026-03-31T21:55:30.407964300 [INFO] Модель навчена. Точність: 82.6086956521739%
2026-03-31T21:55:31.433463700 [ERROR] Помилка прогнозування: Поле "Середній бал" повинно містити число.
2026-03-31T21:55:52.885608500 [INFO] Звіт збережено у файл report.txt
2026-03-31T23:13:02.503803 [INFO] Програма запущена.
2026-03-31T23:13:21.161307600 [INFO] Завантажено 23 записів із CSV.
2026-03-31T23:13:22.057127 [INFO] Модель навчена. Точність: 82.6086956521739%
2026-03-31T23:13:22.588826700 [ERROR] Помилка прогнозування: Поле "Відвідуваність" не може бути порожнім.
2026-03-31T23:13:55.840501600 [INFO] Завантажено 23 записів із CSV.
2026-03-31T23:13:58.333821 [INFO] Модель навчена. Точність: 82.6086956521739%
2026-03-31T23:14:01.444454100 [ERROR] Помилка прогнозування: Поле "Відвідуваність" повинно містити число.
2026-03-31T23:15:09.250005400 [INFO] Завантажено 23 записів із CSV.
2026-03-31T23:15:10.049618400 [INFO] Модель навчена. Точність: 82.6086956521739%
2026-03-31T23:15:10.820906 [ERROR] Помилка прогнозування: Поле "Відвідуваність" повинно містити число.
2026-03-31T23:15:16.605503600 [ERROR] Помилка прогнозування: Поле "Відвідуваність" повинно містити число.
2026-03-31T23:15:21.919729100 [INFO] Звіт збережено у файл report.txt
